<?xml version="1.0" encoding="UTF-8"?>
<testng-results ignored="0" total="2" passed="2" failed="0" skipped="0">
  <reporter-output>
  </reporter-output>
  <suite started-at="2026-03-12T13:02:05 IST" name="Default suite" finished-at="2026-03-12T13:02:12 IST" duration-ms="6973">
    <groups>
    </groups>
    <test started-at="2026-03-12T13:02:05 IST" name="Default test" finished-at="2026-03-12T13:02:12 IST" duration-ms="6973">
      <class name="tests.SauceDemoLoginTest">
        <test-method is-config="true" signature="setup()[pri:0, instance:tests.SauceDemoLoginTest@49438269]" started-at="2026-03-12T13:02:05 IST" name="setup" finished-at="2026-03-12T13:02:09 IST" duration-ms="3633" status="PASS">
          <reporter-output>
          </reporter-output>
        </test-method> <!-- setup -->
        <test-method signature="invalidLoginTest()[pri:0, instance:tests.SauceDemoLoginTest@49438269]" started-at="2026-03-12T13:02:09 IST" name="invalidLoginTest" finished-at="2026-03-12T13:02:09 IST" duration-ms="553" status="PASS">
          <reporter-output>
          </reporter-output>
        </test-method> <!-- invalidLoginTest -->
        <test-method is-config="true" signature="teardown()[pri:0, instance:tests.SauceDemoLoginTest@49438269]" started-at="2026-03-12T13:02:09 IST" name="teardown" finished-at="2026-03-12T13:02:09 IST" duration-ms="218" status="PASS">
          <reporter-output>
          </reporter-output>
        </test-method> <!-- teardown -->
        <test-method is-config="true" signature="setup()[pri:0, instance:tests.SauceDemoLoginTest@49438269]" started-at="2026-03-12T13:02:09 IST" name="setup" finished-at="2026-03-12T13:02:11 IST" duration-ms="1685" status="PASS">
          <reporter-output>
          </reporter-output>
        </test-method> <!-- setup -->
        <test-method signature="validLoginTest()[pri:0, instance:tests.SauceDemoLoginTest@49438269]" started-at="2026-03-12T13:02:11 IST" name="validLoginTest" finished-at="2026-03-12T13:02:12 IST" duration-ms="572" status="PASS">
          <reporter-output>
          </reporter-output>
        </test-method> <!-- validLoginTest -->
        <test-method is-config="true" signature="teardown()[pri:0, instance:tests.SauceDemoLoginTest@49438269]" started-at="2026-03-12T13:02:12 IST" name="teardown" finished-at="2026-03-12T13:02:12 IST" duration-ms="225" status="PASS">
          <reporter-output>
          </reporter-output>
        </test-method> <!-- teardown -->
      </class> <!-- tests.SauceDemoLoginTest -->
    </test> <!-- Default test -->
  </suite> <!-- Default suite -->
</testng-results>
