<?xml version="1.0" encoding="UTF-8"?>
<testng-results ignored="0" total="2" passed="2" failed="0" skipped="0">
  <reporter-output>
  </reporter-output>
  <suite started-at="2026-03-11T18:44:15 IST" name="AutomationSuite" finished-at="2026-03-11T18:44:23 IST" duration-ms="7791">
    <groups>
    </groups>
    <test started-at="2026-03-11T18:44:15 IST" name="SauceDemoTests" finished-at="2026-03-11T18:44:23 IST" duration-ms="7791">
      <class name="tests.SauceDemoLoginTest">
        <test-method is-config="true" signature="setup()[pri:0, instance:tests.SauceDemoLoginTest@75d4a5c2]" started-at="2026-03-11T18:44:15 IST" name="setup" finished-at="2026-03-11T18:44:19 IST" duration-ms="3443" status="PASS">
          <reporter-output>
          </reporter-output>
        </test-method> <!-- setup -->
        <test-method signature="invalidLoginTest()[pri:0, instance:tests.SauceDemoLoginTest@75d4a5c2]" started-at="2026-03-11T18:44:19 IST" name="invalidLoginTest" finished-at="2026-03-11T18:44:20 IST" duration-ms="1121" status="PASS">
          <reporter-output>
          </reporter-output>
        </test-method> <!-- invalidLoginTest -->
        <test-method is-config="true" signature="teardown()[pri:0, instance:tests.SauceDemoLoginTest@75d4a5c2]" started-at="2026-03-11T18:44:20 IST" name="teardown" finished-at="2026-03-11T18:44:20 IST" duration-ms="299" status="PASS">
          <reporter-output>
          </reporter-output>
        </test-method> <!-- teardown -->
        <test-method is-config="true" signature="setup()[pri:0, instance:tests.SauceDemoLoginTest@75d4a5c2]" started-at="2026-03-11T18:44:20 IST" name="setup" finished-at="2026-03-11T18:44:22 IST" duration-ms="1849" status="PASS">
          <reporter-output>
          </reporter-output>
        </test-method> <!-- setup -->
        <test-method signature="validLoginTest()[pri:0, instance:tests.SauceDemoLoginTest@75d4a5c2]" started-at="2026-03-11T18:44:22 IST" name="validLoginTest" finished-at="2026-03-11T18:44:22 IST" duration-ms="672" status="PASS">
          <reporter-output>
          </reporter-output>
        </test-method> <!-- validLoginTest -->
        <test-method is-config="true" signature="teardown()[pri:0, instance:tests.SauceDemoLoginTest@75d4a5c2]" started-at="2026-03-11T18:44:23 IST" name="teardown" finished-at="2026-03-11T18:44:23 IST" duration-ms="297" status="PASS">
          <reporter-output>
          </reporter-output>
        </test-method> <!-- teardown -->
      </class> <!-- tests.SauceDemoLoginTest -->
    </test> <!-- SauceDemoTests -->
  </suite> <!-- AutomationSuite -->
</testng-results>
